<?xml version="1.0" encoding="UTF-8"?>
<coverage generated="1753293383526" clover="3.2.0">
  <project timestamp="1753293383526" name="All files">
    <metrics statements="24" coveredstatements="23" conditionals="9" coveredconditionals="7" methods="4" coveredmethods="3" elements="37" coveredelements="33" complexity="0" loc="24" ncloc="24" packages="1" files="2" classes="2"/>
    <file name="TodoItem.ts" path="/home/frankdev/Developer/todo-tracker/src/core/todo/TodoItem.ts">
      <metrics statements="6" coveredstatements="5" conditionals="1" coveredconditionals="0" methods="2" coveredmethods="1"/>
      <line num="9" count="1" type="stmt"/>
      <line num="11" count="7" type="stmt"/>
      <line num="12" count="7" type="stmt"/>
      <line num="13" count="7" type="stmt"/>
      <line num="14" count="7" type="cond" truecount="0" falsecount="1"/>
      <line num="22" count="0" type="stmt"/>
    </file>
    <file name="TodoParser.ts" path="/home/frankdev/Developer/todo-tracker/src/core/todo/TodoParser.ts">
      <metrics statements="18" coveredstatements="18" conditionals="8" coveredconditionals="7" methods="2" coveredmethods="2"/>
      <line num="1" count="1" type="stmt"/>
      <line num="7" count="1" type="stmt"/>
      <line num="9" count="15" type="stmt"/>
      <line num="10" count="15" type="stmt"/>
      <line num="13" count="16" type="stmt"/>
      <line num="17" count="16" type="stmt"/>
      <line num="18" count="7" type="cond" truecount="2" falsecount="0"/>
      <line num="19" count="7" type="cond" truecount="2" falsecount="0"/>
      <line num="20" count="5" type="stmt"/>
      <line num="21" count="5" type="stmt"/>
      <line num="22" count="5" type="stmt"/>
      <line num="27" count="16" type="stmt"/>
      <line num="28" count="4" type="cond" truecount="1" falsecount="1"/>
      <line num="29" count="4" type="cond" truecount="2" falsecount="0"/>
      <line num="30" count="2" type="stmt"/>
      <line num="31" count="2" type="stmt"/>
      <line num="32" count="2" type="stmt"/>
      <line num="36" count="16" type="stmt"/>
    </file>
  </project>
</coverage>
