<?xml version="1.0" encoding="UTF-8"?>
<coverage generated="1753293574459" clover="3.2.0">
  <project timestamp="1753293574459" name="All files">
    <metrics statements="6" coveredstatements="6" conditionals="1" coveredconditionals="1" methods="2" coveredmethods="2" elements="9" coveredelements="9" complexity="0" loc="6" ncloc="6" packages="1" files="1" classes="1"/>
    <file name="TodoItem.ts" path="/home/frankdev/Developer/todo-tracker/src/core/todo/TodoItem.ts">
      <metrics statements="6" coveredstatements="6" conditionals="1" coveredconditionals="1" methods="2" coveredmethods="2"/>
      <line num="9" count="1" type="stmt"/>
      <line num="11" count="6" type="stmt"/>
      <line num="12" count="6" type="stmt"/>
      <line num="13" count="6" type="stmt"/>
      <line num="14" count="6" type="cond" truecount="1" falsecount="0"/>
      <line num="22" count="4" type="stmt"/>
    </file>
  </project>
</coverage>
