{
  "/home/frankdev/Developer/todo-tracker/src/core/todo/TodoItem.ts": {
    "path": "/home/frankdev/Developer/todo-tracker/src/core/todo/TodoItem.ts",
    "statementMap": {
      "0": { "start": { "line": 11, "column": 20 }, "end": { "line": 11, "column": 32 } },
      "1": { "start": { "line": 12, "column": 20 }, "end": { "line": 12, "column": 36 } },
      "2": { "start": { "line": 13, "column": 20 }, "end": { "line": 13, "column": 38 } },
      "3": { "start": { "line": 14, "column": 20 }, "end": { "line": 14, "column": 38 } },
      "4": { "start": { "line": 22, "column": 4 }, "end": { "line": 22, "column": 66 } },
      "5": { "start": { "line": 9, "column": 0 }, "end": { "line": 9, "column": 13 } }
    },
    "fnMap": {
      "0": {
        "name": "(anonymous_0)",
        "decl": { "start": { "line": 10, "column": 2 }, "end": { "line": 10, "column": null } },
        "loc": { "start": { "line": 14, "column": 48 }, "end": { "line": 15, "column": 6 } }
      },
      "1": {
        "name": "(anonymous_1)",
        "decl": { "start": { "line": 21, "column": 9 }, "end": { "line": 21, "column": 17 } },
        "loc": { "start": { "line": 21, "column": 17 }, "end": { "line": 23, "column": 3 } }
      }
    },
    "branchMap": {
      "0": {
        "loc": { "start": { "line": 14, "column": 20 }, "end": { "line": 14, "column": 48 } },
        "type": "default-arg",
        "locations": [
          { "start": { "line": 14, "column": 38 }, "end": { "line": 14, "column": 48 } }
        ]
      }
    },
    "s": { "0": 6, "1": 6, "2": 6, "3": 6, "4": 4, "5": 1 },
    "f": { "0": 6, "1": 4 },
    "b": { "0": [5] }
  }
}
