{
  "/home/frankdev/Developer/todo-tracker/src/core/config/Configuration.ts": {
    "path": "/home/frankdev/Developer/todo-tracker/src/core/config/Configuration.ts",
    "statementMap": {
      "0": { "start": { "line": 2, "column": 0 }, "end": { "line": 2, "column": 33 } },
      "1": { "start": { "line": 18, "column": 4 }, "end": { "line": 18, "column": 85 } },
      "2": { "start": { "line": 36, "column": 4 }, "end": { "line": 43, "column": 5 } },
      "3": { "start": { "line": 37, "column": 6 }, "end": { "line": 37, "column": 87 } },
      "4": { "start": { "line": 38, "column": 6 }, "end": { "line": 38, "column": 63 } },
      "5": { "start": { "line": 40, "column": 6 }, "end": { "line": 40, "column": 78 } },
      "6": { "start": { "line": 42, "column": 6 }, "end": { "line": 42, "column": 69 } },
      "7": { "start": { "line": 7, "column": 0 }, "end": { "line": 7, "column": 13 } },
      "8": { "start": { "line": 8, "column": 26 }, "end": { "line": 8, "column": 50 } }
    },
    "fnMap": {
      "0": {
        "name": "(anonymous_9)",
        "decl": { "start": { "line": 17, "column": 9 }, "end": { "line": 17, "column": 15 } },
        "loc": { "start": { "line": 17, "column": 51 }, "end": { "line": 19, "column": 3 } }
      },
      "1": {
        "name": "(anonymous_10)",
        "decl": { "start": { "line": 30, "column": 9 }, "end": { "line": 30, "column": 15 } },
        "loc": { "start": { "line": 34, "column": 19 }, "end": { "line": 44, "column": 3 } }
      }
    },
    "branchMap": {
      "0": {
        "loc": { "start": { "line": 33, "column": 4 }, "end": { "line": 33, "column": 77 } },
        "type": "default-arg",
        "locations": [
          { "start": { "line": 33, "column": 41 }, "end": { "line": 33, "column": 77 } }
        ]
      }
    },
    "s": { "0": 0, "1": 0, "2": 0, "3": 0, "4": 0, "5": 0, "6": 0, "7": 0, "8": 0 },
    "f": { "0": 0, "1": 0 },
    "b": { "0": [0] }
  },
  "/home/frankdev/Developer/todo-tracker/src/core/git/PrePushValidator.ts": {
    "path": "/home/frankdev/Developer/todo-tracker/src/core/git/PrePushValidator.ts",
    "statementMap": {
      "0": { "start": { "line": 19, "column": 24 }, "end": { "line": 20, "column": null } },
      "1": { "start": { "line": 20, "column": 6 }, "end": { "line": 20, "column": 64 } },
      "2": { "start": { "line": 20, "column": 35 }, "end": { "line": 20, "column": 63 } },
      "3": { "start": { "line": 23, "column": 4 }, "end": { "line": 27, "column": 5 } },
      "4": { "start": { "line": 24, "column": 6 }, "end": { "line": 26, "column": 8 } },
      "5": { "start": { "line": 25, "column": 84 }, "end": { "line": 25, "column": 97 } },
      "6": { "start": { "line": 11, "column": 0 }, "end": { "line": 11, "column": 13 } }
    },
    "fnMap": {
      "0": {
        "name": "(anonymous_0)",
        "decl": { "start": { "line": 18, "column": 9 }, "end": { "line": 18, "column": 17 } },
        "loc": { "start": { "line": 18, "column": 63 }, "end": { "line": 28, "column": 3 } }
      },
      "1": {
        "name": "(anonymous_1)",
        "decl": { "start": { "line": 19, "column": 40 }, "end": { "line": 19, "column": 41 } },
        "loc": { "start": { "line": 20, "column": 6 }, "end": { "line": 20, "column": 64 } }
      },
      "2": {
        "name": "(anonymous_2)",
        "decl": { "start": { "line": 20, "column": 25 }, "end": { "line": 20, "column": 26 } },
        "loc": { "start": { "line": 20, "column": 35 }, "end": { "line": 20, "column": 63 } }
      },
      "3": {
        "name": "(anonymous_3)",
        "decl": { "start": { "line": 25, "column": 74 }, "end": { "line": 25, "column": 75 } },
        "loc": { "start": { "line": 25, "column": 84 }, "end": { "line": 25, "column": 97 } }
      }
    },
    "branchMap": {
      "0": {
        "loc": { "start": { "line": 23, "column": 4 }, "end": { "line": 27, "column": 5 } },
        "type": "if",
        "locations": [
          { "start": { "line": 23, "column": 4 }, "end": { "line": 27, "column": 5 } },
          { "start": {}, "end": {} }
        ]
      }
    },
    "s": { "0": 3, "1": 6, "2": 7, "3": 3, "4": 2, "5": 3, "6": 1 },
    "f": { "0": 3, "1": 6, "2": 7, "3": 3 },
    "b": { "0": [2, 1] }
  },
  "/home/frankdev/Developer/todo-tracker/src/core/todo/TodoItem.ts": {
    "path": "/home/frankdev/Developer/todo-tracker/src/core/todo/TodoItem.ts",
    "statementMap": {
      "0": { "start": { "line": 11, "column": 20 }, "end": { "line": 11, "column": 32 } },
      "1": { "start": { "line": 12, "column": 20 }, "end": { "line": 12, "column": 36 } },
      "2": { "start": { "line": 13, "column": 20 }, "end": { "line": 13, "column": 38 } },
      "3": { "start": { "line": 14, "column": 20 }, "end": { "line": 14, "column": 38 } },
      "4": { "start": { "line": 22, "column": 4 }, "end": { "line": 22, "column": 66 } },
      "5": { "start": { "line": 9, "column": 0 }, "end": { "line": 9, "column": 13 } }
    },
    "fnMap": {
      "0": {
        "name": "(anonymous_0)",
        "decl": { "start": { "line": 10, "column": 2 }, "end": { "line": 10, "column": null } },
        "loc": { "start": { "line": 14, "column": 48 }, "end": { "line": 15, "column": 6 } }
      },
      "1": {
        "name": "(anonymous_1)",
        "decl": { "start": { "line": 21, "column": 9 }, "end": { "line": 21, "column": 17 } },
        "loc": { "start": { "line": 21, "column": 17 }, "end": { "line": 23, "column": 3 } }
      }
    },
    "branchMap": {
      "0": {
        "loc": { "start": { "line": 14, "column": 20 }, "end": { "line": 14, "column": 48 } },
        "type": "default-arg",
        "locations": [
          { "start": { "line": 14, "column": 38 }, "end": { "line": 14, "column": 48 } }
        ]
      }
    },
    "s": { "0": 19, "1": 19, "2": 19, "3": 19, "4": 4, "5": 3 },
    "f": { "0": 19, "1": 4 },
    "b": { "0": [5] }
  },
  "/home/frankdev/Developer/todo-tracker/src/core/todo/TodoParser.ts": {
    "path": "/home/frankdev/Developer/todo-tracker/src/core/todo/TodoParser.ts",
    "statementMap": {
      "0": { "start": { "line": 1, "column": 0 }, "end": { "line": 1, "column": 38 } },
      "1": { "start": { "line": 9, "column": 19 }, "end": { "line": 9, "column": 60 } },
      "2": { "start": { "line": 10, "column": 19 }, "end": { "line": 10, "column": 66 } },
      "3": { "start": { "line": 13, "column": 30 }, "end": { "line": 13, "column": 32 } },
      "4": { "start": { "line": 17, "column": 4 }, "end": { "line": 24, "column": 5 } },
      "5": { "start": { "line": 18, "column": 23 }, "end": { "line": 18, "column": 46 } },
      "6": { "start": { "line": 19, "column": 6 }, "end": { "line": 23, "column": 7 } },
      "7": { "start": { "line": 20, "column": 23 }, "end": { "line": 20, "column": 52 } },
      "8": { "start": { "line": 21, "column": 27 }, "end": { "line": 21, "column": 52 } },
      "9": { "start": { "line": 22, "column": 8 }, "end": { "line": 22, "column": 77 } },
      "10": { "start": { "line": 27, "column": 4 }, "end": { "line": 34, "column": 5 } },
      "11": { "start": { "line": 28, "column": 23 }, "end": { "line": 28, "column": 46 } },
      "12": { "start": { "line": 29, "column": 6 }, "end": { "line": 33, "column": 7 } },
      "13": { "start": { "line": 30, "column": 23 }, "end": { "line": 30, "column": 52 } },
      "14": { "start": { "line": 31, "column": 27 }, "end": { "line": 31, "column": 52 } },
      "15": { "start": { "line": 32, "column": 8 }, "end": { "line": 32, "column": 77 } },
      "16": { "start": { "line": 36, "column": 4 }, "end": { "line": 36, "column": 17 } },
      "17": { "start": { "line": 7, "column": 0 }, "end": { "line": 7, "column": 13 } }
    },
    "fnMap": {
      "0": {
        "name": "(anonymous_0)",
        "decl": { "start": { "line": 7, "column": 0 }, "end": { "line": 7, "column": 13 } },
        "loc": { "start": { "line": 7, "column": 0 }, "end": { "line": 38, "column": 1 } }
      },
      "1": {
        "name": "(anonymous_1)",
        "decl": { "start": { "line": 12, "column": 9 }, "end": { "line": 12, "column": 14 } },
        "loc": { "start": { "line": 12, "column": 48 }, "end": { "line": 37, "column": 3 } }
      }
    },
    "branchMap": {
      "0": {
        "loc": { "start": { "line": 18, "column": 24 }, "end": { "line": 18, "column": 38 } },
        "type": "binary-expr",
        "locations": [
          { "start": { "line": 18, "column": 24 }, "end": { "line": 18, "column": 32 } },
          { "start": { "line": 18, "column": 36 }, "end": { "line": 18, "column": 38 } }
        ]
      },
      "1": {
        "loc": { "start": { "line": 19, "column": 6 }, "end": { "line": 23, "column": 7 } },
        "type": "if",
        "locations": [
          { "start": { "line": 19, "column": 6 }, "end": { "line": 23, "column": 7 } },
          { "start": {}, "end": {} }
        ]
      },
      "2": {
        "loc": { "start": { "line": 28, "column": 24 }, "end": { "line": 28, "column": 38 } },
        "type": "binary-expr",
        "locations": [
          { "start": { "line": 28, "column": 24 }, "end": { "line": 28, "column": 32 } },
          { "start": { "line": 28, "column": 36 }, "end": { "line": 28, "column": 38 } }
        ]
      },
      "3": {
        "loc": { "start": { "line": 29, "column": 6 }, "end": { "line": 33, "column": 7 } },
        "type": "if",
        "locations": [
          { "start": { "line": 29, "column": 6 }, "end": { "line": 33, "column": 7 } },
          { "start": {}, "end": {} }
        ]
      }
    },
    "s": {
      "0": 1,
      "1": 15,
      "2": 15,
      "3": 16,
      "4": 16,
      "5": 7,
      "6": 7,
      "7": 5,
      "8": 5,
      "9": 5,
      "10": 16,
      "11": 4,
      "12": 4,
      "13": 2,
      "14": 2,
      "15": 2,
      "16": 16,
      "17": 1
    },
    "f": { "0": 15, "1": 16 },
    "b": { "0": [7, 1], "1": [5, 2], "2": [4, 0], "3": [2, 2] }
  },
  "/home/frankdev/Developer/todo-tracker/src/utils/Logger.ts": {
    "path": "/home/frankdev/Developer/todo-tracker/src/utils/Logger.ts",
    "statementMap": {
      "0": { "start": { "line": 1, "column": 0 }, "end": { "line": 1, "column": 33 } },
      "1": { "start": { "line": 16, "column": 4 }, "end": { "line": 16, "column": 35 } },
      "2": { "start": { "line": 17, "column": 4 }, "end": { "line": 17, "column": 72 } },
      "3": { "start": { "line": 25, "column": 22 }, "end": { "line": 25, "column": 46 } },
      "4": { "start": { "line": 26, "column": 4 }, "end": { "line": 26, "column": 70 } },
      "5": { "start": { "line": 27, "column": 4 }, "end": { "line": 27, "column": 53 } },
      "6": { "start": { "line": 35, "column": 22 }, "end": { "line": 35, "column": 46 } },
      "7": { "start": { "line": 36, "column": 4 }, "end": { "line": 36, "column": 69 } },
      "8": { "start": { "line": 37, "column": 4 }, "end": { "line": 37, "column": 53 } },
      "9": { "start": { "line": 46, "column": 22 }, "end": { "line": 46, "column": 46 } },
      "10": { "start": { "line": 47, "column": 25 }, "end": { "line": 47, "column": 56 } },
      "11": { "start": { "line": 48, "column": 4 }, "end": { "line": 48, "column": 85 } },
      "12": { "start": { "line": 49, "column": 4 }, "end": { "line": 49, "column": 61 } },
      "13": { "start": { "line": 7, "column": 0 }, "end": { "line": 7, "column": 13 } }
    },
    "fnMap": {
      "0": {
        "name": "(anonymous_9)",
        "decl": { "start": { "line": 15, "column": 2 }, "end": { "line": 15, "column": 14 } },
        "loc": { "start": { "line": 15, "column": 33 }, "end": { "line": 18, "column": 3 } }
      },
      "1": {
        "name": "(anonymous_10)",
        "decl": { "start": { "line": 24, "column": 9 }, "end": { "line": 24, "column": 13 } },
        "loc": { "start": { "line": 24, "column": 29 }, "end": { "line": 28, "column": 3 } }
      },
      "2": {
        "name": "(anonymous_11)",
        "decl": { "start": { "line": 34, "column": 9 }, "end": { "line": 34, "column": 13 } },
        "loc": { "start": { "line": 34, "column": 29 }, "end": { "line": 38, "column": 3 } }
      },
      "3": {
        "name": "(anonymous_12)",
        "decl": { "start": { "line": 45, "column": 9 }, "end": { "line": 45, "column": 14 } },
        "loc": { "start": { "line": 45, "column": 45 }, "end": { "line": 50, "column": 3 } }
      }
    },
    "branchMap": {
      "0": {
        "loc": { "start": { "line": 47, "column": 25 }, "end": { "line": 47, "column": 56 } },
        "type": "cond-expr",
        "locations": [
          { "start": { "line": 47, "column": 33 }, "end": { "line": 47, "column": 51 } },
          { "start": { "line": 47, "column": 54 }, "end": { "line": 47, "column": 56 } }
        ]
      }
    },
    "s": {
      "0": 0,
      "1": 0,
      "2": 0,
      "3": 0,
      "4": 0,
      "5": 0,
      "6": 0,
      "7": 0,
      "8": 0,
      "9": 0,
      "10": 0,
      "11": 0,
      "12": 0,
      "13": 0
    },
    "f": { "0": 0, "1": 0, "2": 0, "3": 0 },
    "b": { "0": [0, 0] }
  }
}
