TN:
SF:src/core/config/Configuration.ts
FN:17,(anonymous_9)
FN:30,(anonymous_10)
FNF:2
FNH:0
FNDA:0,(anonymous_9)
FNDA:0,(anonymous_10)
DA:2,0
DA:7,0
DA:8,0
DA:18,0
DA:36,0
DA:37,0
DA:38,0
DA:40,0
DA:42,0
LF:9
LH:0
BRDA:33,0,0,0
BRF:1
BRH:0
end_of_record
TN:
SF:src/core/git/PrePushValidator.ts
FN:18,(anonymous_0)
FN:19,(anonymous_1)
FN:20,(anonymous_2)
FN:25,(anonymous_3)
FNF:4
FNH:4
FNDA:3,(anonymous_0)
FNDA:6,(anonymous_1)
FNDA:7,(anonymous_2)
FNDA:3,(anonymous_3)
DA:11,1
DA:19,3
DA:20,7
DA:23,3
DA:24,2
DA:25,3
LF:6
LH:6
BRDA:23,0,0,2
BRDA:23,0,1,1
BRF:2
BRH:2
end_of_record
TN:
SF:src/core/todo/TodoItem.ts
FN:10,(anonymous_0)
FN:21,(anonymous_1)
FNF:2
FNH:2
FNDA:19,(anonymous_0)
FNDA:4,(anonymous_1)
DA:9,3
DA:11,19
DA:12,19
DA:13,19
DA:14,19
DA:22,4
LF:6
LH:6
BRDA:14,0,0,5
BRF:1
BRH:1
end_of_record
TN:
SF:src/core/todo/TodoParser.ts
FN:7,(anonymous_0)
FN:12,(anonymous_1)
FNF:2
FNH:2
FNDA:15,(anonymous_0)
FNDA:16,(anonymous_1)
DA:1,1
DA:7,1
DA:9,15
DA:10,15
DA:13,16
DA:17,16
DA:18,7
DA:19,7
DA:20,5
DA:21,5
DA:22,5
DA:27,16
DA:28,4
DA:29,4
DA:30,2
DA:31,2
DA:32,2
DA:36,16
LF:18
LH:18
BRDA:18,0,0,7
BRDA:18,0,1,1
BRDA:19,1,0,5
BRDA:19,1,1,2
BRDA:28,2,0,4
BRDA:28,2,1,0
BRDA:29,3,0,2
BRDA:29,3,1,2
BRF:8
BRH:7
end_of_record
TN:
SF:src/utils/Logger.ts
FN:15,(anonymous_9)
FN:24,(anonymous_10)
FN:34,(anonymous_11)
FN:45,(anonymous_12)
FNF:4
FNH:0
FNDA:0,(anonymous_9)
FNDA:0,(anonymous_10)
FNDA:0,(anonymous_11)
FNDA:0,(anonymous_12)
DA:1,0
DA:7,0
DA:16,0
DA:17,0
DA:25,0
DA:26,0
DA:27,0
DA:35,0
DA:36,0
DA:37,0
DA:46,0
DA:47,0
DA:48,0
DA:49,0
LF:14
LH:0
BRDA:47,0,0,0
BRDA:47,0,1,0
BRF:2
BRH:0
end_of_record
