TN:
SF:src/core/todo/TodoItem.ts
FN:10,(anonymous_0)
FN:21,(anonymous_1)
FNF:2
FNH:1
FNDA:7,(anonymous_0)
FNDA:0,(anonymous_1)
DA:9,1
DA:11,7
DA:12,7
DA:13,7
DA:14,7
DA:22,0
LF:6
LH:5
BRDA:14,0,0,0
BRF:1
BRH:0
end_of_record
TN:
SF:src/core/todo/TodoParser.ts
FN:7,(anonymous_0)
FN:12,(anonymous_1)
FNF:2
FNH:2
FNDA:15,(anonymous_0)
FNDA:16,(anonymous_1)
DA:1,1
DA:7,1
DA:9,15
DA:10,15
DA:13,16
DA:17,16
DA:18,7
DA:19,7
DA:20,5
DA:21,5
DA:22,5
DA:27,16
DA:28,4
DA:29,4
DA:30,2
DA:31,2
DA:32,2
DA:36,16
LF:18
LH:18
BRDA:18,0,0,7
BRDA:18,0,1,1
BRDA:19,1,0,5
BRDA:19,1,1,2
BRDA:28,2,0,4
BRDA:28,2,1,0
BRDA:29,3,0,2
BRDA:29,3,1,2
BRF:8
BRH:7
end_of_record
